0 info it worked if it ends with ok
1 verbose cli [ '/usr/bin/nodejs',
1 verbose cli   '/usr/bin/npm',
1 verbose cli   'install',
1 verbose cli   '-g',
1 verbose cli   'live-server' ]
2 info using npm@2.15.11
3 info using node@v4.6.2
4 verbose install initial load of /usr/lib/package.json
5 verbose readDependencies loading dependencies from /usr/lib/package.json
6 silly cache add args [ 'live-server', null ]
7 verbose cache add spec live-server
8 silly cache add parsed spec Result {
8 silly cache add   raw: 'live-server',
8 silly cache add   scope: null,
8 silly cache add   name: 'live-server',
8 silly cache add   rawSpec: '',
8 silly cache add   spec: 'latest',
8 silly cache add   type: 'tag' }
9 silly addNamed live-server@latest
10 verbose addNamed "latest" is being treated as a dist-tag for live-server
11 info addNameTag [ 'live-server', 'latest' ]
12 silly mapToRegistry name live-server
13 silly mapToRegistry using default registry
14 silly mapToRegistry registry https://registry.npmjs.org/
15 silly mapToRegistry data Result {
15 silly mapToRegistry   raw: 'live-server',
15 silly mapToRegistry   scope: null,
15 silly mapToRegistry   name: 'live-server',
15 silly mapToRegistry   rawSpec: '',
15 silly mapToRegistry   spec: 'latest',
15 silly mapToRegistry   type: 'tag' }
16 silly mapToRegistry uri https://registry.npmjs.org/live-server
17 verbose addNameTag registry:https://registry.npmjs.org/live-server not in flight; fetching
18 verbose request uri https://registry.npmjs.org/live-server
19 verbose request no auth needed
20 info attempt registry request try #1 at 8:43:15 PM
21 verbose request id 7b997fb6c5543cd9
22 http request GET https://registry.npmjs.org/live-server
23 http 200 https://registry.npmjs.org/live-server
24 verbose headers { server: 'nginx/1.10.1',
24 verbose headers   'content-type': 'application/json',
24 verbose headers   'last-modified': 'Mon, 16 Jan 2017 10:43:32 GMT',
24 verbose headers   etag: 'W/"587ca3d4-a3e1"',
24 verbose headers   'content-encoding': 'gzip',
24 verbose headers   'cache-control': 'max-age=300',
24 verbose headers   'content-length': '9481',
24 verbose headers   'accept-ranges': 'bytes',
24 verbose headers   date: 'Fri, 20 Jan 2017 04:43:16 GMT',
24 verbose headers   via: '1.1 varnish',
24 verbose headers   age: '0',
24 verbose headers   connection: 'keep-alive',
24 verbose headers   'x-served-by': 'cache-lax8622-LAX',
24 verbose headers   'x-cache': 'HIT',
24 verbose headers   'x-cache-hits': '1',
24 verbose headers   'x-timer': 'S1484887396.324142,VS0,VE33',
24 verbose headers   vary: 'Accept-Encoding' }
25 silly get cb [ 200,
25 silly get   { server: 'nginx/1.10.1',
25 silly get     'content-type': 'application/json',
25 silly get     'last-modified': 'Mon, 16 Jan 2017 10:43:32 GMT',
25 silly get     etag: 'W/"587ca3d4-a3e1"',
25 silly get     'content-encoding': 'gzip',
25 silly get     'cache-control': 'max-age=300',
25 silly get     'content-length': '9481',
25 silly get     'accept-ranges': 'bytes',
25 silly get     date: 'Fri, 20 Jan 2017 04:43:16 GMT',
25 silly get     via: '1.1 varnish',
25 silly get     age: '0',
25 silly get     connection: 'keep-alive',
25 silly get     'x-served-by': 'cache-lax8622-LAX',
25 silly get     'x-cache': 'HIT',
25 silly get     'x-cache-hits': '1',
25 silly get     'x-timer': 'S1484887396.324142,VS0,VE33',
25 silly get     vary: 'Accept-Encoding' } ]
26 verbose get saving live-server to /home/phil/.npm/registry.npmjs.org/live-server/.cache.json
27 verbose correctMkdir /home/phil/.npm correctMkdir not in flight; initializing
28 verbose makeDirectory /home/phil/.npm creation not in flight; initializing
29 silly makeDirectory /home/phil/.npm uid: 1000 gid: 1000
30 silly addNameTag next cb for live-server with tag latest
31 silly addNamed live-server@1.2.0
32 verbose addNamed "1.2.0" is a plain semver version for live-server
33 silly mapToRegistry name live-server
34 silly mapToRegistry using default registry
35 silly mapToRegistry registry https://registry.npmjs.org/
36 silly mapToRegistry data Result {
36 silly mapToRegistry   raw: 'live-server',
36 silly mapToRegistry   scope: null,
36 silly mapToRegistry   name: 'live-server',
36 silly mapToRegistry   rawSpec: '',
36 silly mapToRegistry   spec: 'latest',
36 silly mapToRegistry   type: 'tag' }
37 silly mapToRegistry uri https://registry.npmjs.org/live-server
38 verbose addRemoteTarball https://registry.npmjs.org/live-server/-/live-server-1.2.0.tgz not in flight; adding
39 verbose addRemoteTarball [ 'https://registry.npmjs.org/live-server/-/live-server-1.2.0.tgz',
39 verbose addRemoteTarball   '4498644bbf81a66f18dd8dffdef61c4c1c374ca3' ]
40 info retry fetch attempt 1 at 8:43:16 PM
41 info attempt registry request try #1 at 8:43:16 PM
42 http fetch GET https://registry.npmjs.org/live-server/-/live-server-1.2.0.tgz
43 http fetch 200 https://registry.npmjs.org/live-server/-/live-server-1.2.0.tgz
44 silly fetchAndShaCheck shasum 4498644bbf81a66f18dd8dffdef61c4c1c374ca3
45 verbose addTmpTarball /tmp/npm-25703-4ad64a9a/registry.npmjs.org/live-server/-/live-server-1.2.0.tgz not in flight; adding
46 verbose addTmpTarball already have metadata; skipping unpack for live-server@1.2.0
47 verbose correctMkdir /home/phil/.npm correctMkdir not in flight; initializing
48 silly cache afterAdd live-server@1.2.0
49 verbose afterAdd /home/phil/.npm/live-server/1.2.0/package/package.json not in flight; writing
50 verbose correctMkdir /home/phil/.npm correctMkdir not in flight; initializing
51 verbose afterAdd /home/phil/.npm/live-server/1.2.0/package/package.json written
52 silly install resolved [ { name: 'live-server',
52 silly install resolved     version: '1.2.0',
52 silly install resolved     description: 'simple development http server with live reload capability',
52 silly install resolved     keywords: [ 'front-end', 'development', 'tool', 'server', 'http', 'cli' ],
52 silly install resolved     author: { name: 'Tapio Vierros' },
52 silly install resolved     dependencies:
52 silly install resolved      { chokidar: '^1.6.0',
52 silly install resolved        colors: 'latest',
52 silly install resolved        connect: '3.5.x',
52 silly install resolved        cors: 'latest',
52 silly install resolved        'event-stream': 'latest',
52 silly install resolved        'faye-websocket': '0.11.x',
52 silly install resolved        'http-auth': '3.1.x',
52 silly install resolved        morgan: '^1.6.1',
52 silly install resolved        'object-assign': 'latest',
52 silly install resolved        opn: 'latest',
52 silly install resolved        'proxy-middleware': 'latest',
52 silly install resolved        send: 'latest',
52 silly install resolved        'serve-index': '^1.7.2' },
52 silly install resolved     devDependencies:
52 silly install resolved      { mocha: '^3.2.0',
52 silly install resolved        supertest: '^2.0.1',
52 silly install resolved        eslint: '^3.13.0',
52 silly install resolved        jshint: '^2.9.2' },
52 silly install resolved     scripts:
52 silly install resolved      { lint: 'eslint live-server.js index.js',
52 silly install resolved        hint: 'jshint live-server.js index.js',
52 silly install resolved        test: 'mocha test && npm run lint' },
52 silly install resolved     bin: { 'live-server': './live-server.js' },
52 silly install resolved     repository:
52 silly install resolved      { type: 'git',
52 silly install resolved        url: 'git+https://github.com/tapio/live-server.git' },
52 silly install resolved     engines: { node: '>=0.10.0' },
52 silly install resolved     preferGlobal: true,
52 silly install resolved     license: 'MIT',
52 silly install resolved     eslintConfig: { env: [Object], rules: [Object] },
52 silly install resolved     gitHead: '6a77f048559fdeaf98ed135c04a9082ff2dfa281',
52 silly install resolved     bugs: { url: 'https://github.com/tapio/live-server/issues' },
52 silly install resolved     homepage: 'https://github.com/tapio/live-server#readme',
52 silly install resolved     _id: 'live-server@1.2.0',
52 silly install resolved     _shasum: '4498644bbf81a66f18dd8dffdef61c4c1c374ca3',
52 silly install resolved     _from: 'live-server@latest',
52 silly install resolved     _npmVersion: '2.15.11',
52 silly install resolved     _nodeVersion: '4.7.0',
52 silly install resolved     _npmUser: { name: 'tapio', email: 'tapiovierros@gmail.com' },
52 silly install resolved     maintainers: [ [Object] ],
52 silly install resolved     dist:
52 silly install resolved      { shasum: '4498644bbf81a66f18dd8dffdef61c4c1c374ca3',
52 silly install resolved        tarball: 'https://registry.npmjs.org/live-server/-/live-server-1.2.0.tgz' },
52 silly install resolved     _npmOperationalInternal:
52 silly install resolved      { host: 'packages-18-east.internal.npmjs.com',
52 silly install resolved        tmp: 'tmp/live-server-1.2.0.tgz_1483993512038_0.9290419442113489' },
52 silly install resolved     directories: {},
52 silly install resolved     _resolved: 'https://registry.npmjs.org/live-server/-/live-server-1.2.0.tgz' } ]
53 info install live-server@1.2.0 into /usr/lib
54 info installOne live-server@1.2.0
55 verbose installOne of live-server to /usr/lib not in flight; installing
56 verbose correctMkdir /home/phil/.npm/_locks correctMkdir not in flight; initializing
57 verbose makeDirectory /home/phil/.npm/_locks creation not in flight; initializing
58 silly makeDirectory /home/phil/.npm/_locks uid: 1000 gid: 1000
59 verbose lock using /home/phil/.npm/_locks/live-server-5607e69563b9e634.lock for /usr/lib/node_modules/live-server
60 silly install write writing live-server 1.2.0 to /usr/lib/node_modules/live-server
61 verbose unbuild lib/node_modules/live-server
62 silly gentlyRm /usr/lib/node_modules/live-server is being purged from base /usr
63 verbose gentlyRm don't care about contents; nuking /usr/lib/node_modules/live-server
64 verbose tar unpack /home/phil/.npm/live-server/1.2.0/package.tgz
65 verbose tar unpacking to /usr/lib/node_modules/live-server
66 silly gentlyRm /usr/lib/node_modules/live-server is being purged
67 verbose gentlyRm don't care about contents; nuking /usr/lib/node_modules/live-server
68 silly gunzTarPerm modes [ '755', '644' ]
69 error tar.unpack untar error /home/phil/.npm/live-server/1.2.0/package.tgz
70 verbose unlock done using /home/phil/.npm/_locks/live-server-5607e69563b9e634.lock for /usr/lib/node_modules/live-server
71 verbose fstream_path /usr/lib/node_modules/live-server
72 verbose fstream_type Directory
73 verbose fstream_class DirWriter
74 verbose stack Error: EACCES: permission denied, mkdir '/usr/lib/node_modules/live-server'
74 verbose stack     at Error (native)
75 verbose fstream_stack /usr/lib/node_modules/npm/node_modules/fstream/lib/dir-writer.js:35:25
75 verbose fstream_stack /usr/lib/node_modules/npm/node_modules/mkdirp/index.js:47:53
75 verbose fstream_stack FSReqWrap.oncomplete (fs.js:82:15)
76 verbose cwd /home/phil/Dropbox/~Programming/projects/phil-portfolio
77 error Linux 4.4.0-21-generic
78 error argv "/usr/bin/nodejs" "/usr/bin/npm" "install" "-g" "live-server"
79 error node v4.6.2
80 error npm  v2.15.11
81 error path /usr/lib/node_modules/live-server
82 error code EACCES
83 error errno -13
84 error syscall mkdir
85 error Error: EACCES: permission denied, mkdir '/usr/lib/node_modules/live-server'
85 error     at Error (native)
85 error  { [Error: EACCES: permission denied, mkdir '/usr/lib/node_modules/live-server']
85 error   errno: -13,
85 error   code: 'EACCES',
85 error   syscall: 'mkdir',
85 error   path: '/usr/lib/node_modules/live-server',
85 error   fstream_type: 'Directory',
85 error   fstream_path: '/usr/lib/node_modules/live-server',
85 error   fstream_class: 'DirWriter',
85 error   fstream_stack:
85 error    [ '/usr/lib/node_modules/npm/node_modules/fstream/lib/dir-writer.js:35:25',
85 error      '/usr/lib/node_modules/npm/node_modules/mkdirp/index.js:47:53',
85 error      'FSReqWrap.oncomplete (fs.js:82:15)' ] }
86 error Please try running this command again as root/Administrator.
87 verbose exit [ -13, true ]
88 verbose unbuild lib/node_modules/live-server
89 silly gentlyRm /usr/lib/node_modules/live-server is being purged from base /usr
90 verbose gentlyRm don't care about contents; nuking /usr/lib/node_modules/live-server
